[2021-05-16 04:42:15,640] {taskinstance.py:877} INFO - Dependencies all met for <TaskInstance: Assignment1_Q2.Id 2021-05-16T04:42:12.402614+00:00 [queued]>
[2021-05-16 04:42:15,689] {taskinstance.py:877} INFO - Dependencies all met for <TaskInstance: Assignment1_Q2.Id 2021-05-16T04:42:12.402614+00:00 [queued]>
[2021-05-16 04:42:15,690] {taskinstance.py:1068} INFO - 
--------------------------------------------------------------------------------
[2021-05-16 04:42:15,690] {taskinstance.py:1069} INFO - Starting attempt 1 of 2
[2021-05-16 04:42:15,690] {taskinstance.py:1070} INFO - 
--------------------------------------------------------------------------------
[2021-05-16 04:42:15,705] {taskinstance.py:1089} INFO - Executing <Task(PythonOperator): Id> on 2021-05-16T04:42:12.402614+00:00
[2021-05-16 04:42:15,710] {standard_task_runner.py:52} INFO - Started process 50 to run task
[2021-05-16 04:42:15,715] {standard_task_runner.py:76} INFO - Running: ['airflow', 'tasks', 'run', 'Assignment1_Q2', 'Id', '2021-05-16T04:42:12.402614+00:00', '--job-id', '6', '--pool', 'default_pool', '--raw', '--subdir', 'DAGS_FOLDER/dag.py', '--cfg-path', '/tmp/tmp5oejxgst', '--error-file', '/tmp/tmpy5fpkx1q']
[2021-05-16 04:42:15,716] {standard_task_runner.py:77} INFO - Job 6: Subtask Id
[2021-05-16 04:42:15,859] {logging_mixin.py:104} INFO - Running <TaskInstance: Assignment1_Q2.Id 2021-05-16T04:42:12.402614+00:00 [running]> on host 41381ab19f3b
[2021-05-16 04:42:16,025] {taskinstance.py:1283} INFO - Exporting the following env vars:
AIRFLOW_CTX_DAG_OWNER=GhaydaHyasat
AIRFLOW_CTX_DAG_ID=Assignment1_Q2
AIRFLOW_CTX_TASK_ID=Id
AIRFLOW_CTX_EXECUTION_DATE=2021-05-16T04:42:12.402614+00:00
AIRFLOW_CTX_DAG_RUN_ID=manual__2021-05-16T04:42:12.402614+00:00
[2021-05-16 04:42:16,026] {dag.py:33} INFO - id: a957f790-4d93-4a4a-8665-9fa719bbe234
[2021-05-16 04:42:16,112] {python.py:118} INFO - Done. Returned value was: None
[2021-05-16 04:42:16,171] {taskinstance.py:1192} INFO - Marking task as SUCCESS. dag_id=Assignment1_Q2, task_id=Id, execution_date=20210516T044212, start_date=20210516T044215, end_date=20210516T044216
[2021-05-16 04:42:16,342] {taskinstance.py:1246} INFO - 1 downstream tasks scheduled from follow-on schedule check
[2021-05-16 04:42:16,371] {local_task_job.py:146} INFO - Task exited with return code 0
