[2021-05-16 04:42:19,128] {taskinstance.py:877} INFO - Dependencies all met for <TaskInstance: Assignment1_Q2.CSV 2021-05-16T04:42:12.402614+00:00 [queued]>
[2021-05-16 04:42:19,199] {taskinstance.py:877} INFO - Dependencies all met for <TaskInstance: Assignment1_Q2.CSV 2021-05-16T04:42:12.402614+00:00 [queued]>
[2021-05-16 04:42:19,200] {taskinstance.py:1068} INFO - 
--------------------------------------------------------------------------------
[2021-05-16 04:42:19,201] {taskinstance.py:1069} INFO - Starting attempt 1 of 2
[2021-05-16 04:42:19,201] {taskinstance.py:1070} INFO - 
--------------------------------------------------------------------------------
[2021-05-16 04:42:19,234] {taskinstance.py:1089} INFO - Executing <Task(BashOperator): CSV> on 2021-05-16T04:42:12.402614+00:00
[2021-05-16 04:42:19,240] {standard_task_runner.py:52} INFO - Started process 52 to run task
[2021-05-16 04:42:19,247] {standard_task_runner.py:76} INFO - Running: ['airflow', 'tasks', 'run', 'Assignment1_Q2', 'CSV', '2021-05-16T04:42:12.402614+00:00', '--job-id', '7', '--pool', 'default_pool', '--raw', '--subdir', 'DAGS_FOLDER/dag.py', '--cfg-path', '/tmp/tmpfo0wxk7l', '--error-file', '/tmp/tmppnm2xho7']
[2021-05-16 04:42:19,248] {standard_task_runner.py:77} INFO - Job 7: Subtask CSV
[2021-05-16 04:42:19,454] {logging_mixin.py:104} INFO - Running <TaskInstance: Assignment1_Q2.CSV 2021-05-16T04:42:12.402614+00:00 [running]> on host 41381ab19f3b
[2021-05-16 04:42:19,769] {taskinstance.py:1283} INFO - Exporting the following env vars:
AIRFLOW_CTX_DAG_OWNER=GhaydaHyasat
AIRFLOW_CTX_DAG_ID=Assignment1_Q2
AIRFLOW_CTX_TASK_ID=CSV
AIRFLOW_CTX_EXECUTION_DATE=2021-05-16T04:42:12.402614+00:00
AIRFLOW_CTX_DAG_RUN_ID=manual__2021-05-16T04:42:12.402614+00:00
[2021-05-16 04:42:19,771] {bash.py:135} INFO - Tmp dir root location: 
 /tmp
[2021-05-16 04:42:19,772] {bash.py:158} INFO - Running command: psql postgresql://postgres:postgres@de_postgres:5432 -c "\copy loan_data_set to '/home/airflow/data/None.csv' csv header ;"
[2021-05-16 04:42:19,800] {bash.py:169} INFO - Output:
[2021-05-16 04:42:20,045] {bash.py:173} INFO - COPY 596
[2021-05-16 04:42:20,047] {bash.py:177} INFO - Command exited with return code 0
[2021-05-16 04:42:20,243] {taskinstance.py:1192} INFO - Marking task as SUCCESS. dag_id=Assignment1_Q2, task_id=CSV, execution_date=20210516T044212, start_date=20210516T044219, end_date=20210516T044220
[2021-05-16 04:42:20,407] {taskinstance.py:1246} INFO - 1 downstream tasks scheduled from follow-on schedule check
[2021-05-16 04:42:20,427] {local_task_job.py:146} INFO - Task exited with return code 0
