[2021-05-16 04:46:04,117] {taskinstance.py:877} INFO - Dependencies all met for <TaskInstance: Assignment1_Q2.Id 2021-05-16T04:46:01.875642+00:00 [queued]>
[2021-05-16 04:46:04,179] {taskinstance.py:877} INFO - Dependencies all met for <TaskInstance: Assignment1_Q2.Id 2021-05-16T04:46:01.875642+00:00 [queued]>
[2021-05-16 04:46:04,179] {taskinstance.py:1068} INFO - 
--------------------------------------------------------------------------------
[2021-05-16 04:46:04,181] {taskinstance.py:1069} INFO - Starting attempt 1 of 2
[2021-05-16 04:46:04,182] {taskinstance.py:1070} INFO - 
--------------------------------------------------------------------------------
[2021-05-16 04:46:04,206] {taskinstance.py:1089} INFO - Executing <Task(PythonOperator): Id> on 2021-05-16T04:46:01.875642+00:00
[2021-05-16 04:46:04,212] {standard_task_runner.py:52} INFO - Started process 64 to run task
[2021-05-16 04:46:04,220] {standard_task_runner.py:76} INFO - Running: ['airflow', 'tasks', 'run', 'Assignment1_Q2', 'Id', '2021-05-16T04:46:01.875642+00:00', '--job-id', '9', '--pool', 'default_pool', '--raw', '--subdir', 'DAGS_FOLDER/dag.py', '--cfg-path', '/tmp/tmp5wbow39z', '--error-file', '/tmp/tmpzozk2kwh']
[2021-05-16 04:46:04,222] {standard_task_runner.py:77} INFO - Job 9: Subtask Id
[2021-05-16 04:46:04,403] {logging_mixin.py:104} INFO - Running <TaskInstance: Assignment1_Q2.Id 2021-05-16T04:46:01.875642+00:00 [running]> on host 41381ab19f3b
[2021-05-16 04:46:04,580] {taskinstance.py:1283} INFO - Exporting the following env vars:
AIRFLOW_CTX_DAG_OWNER=GhaydaHyasat
AIRFLOW_CTX_DAG_ID=Assignment1_Q2
AIRFLOW_CTX_TASK_ID=Id
AIRFLOW_CTX_EXECUTION_DATE=2021-05-16T04:46:01.875642+00:00
AIRFLOW_CTX_DAG_RUN_ID=manual__2021-05-16T04:46:01.875642+00:00
[2021-05-16 04:46:04,584] {dag.py:33} INFO - id: 5e7a57ce-c90d-44b3-9f71-05282a3e8cd9
[2021-05-16 04:46:04,648] {python.py:118} INFO - Done. Returned value was: None
[2021-05-16 04:46:04,686] {taskinstance.py:1192} INFO - Marking task as SUCCESS. dag_id=Assignment1_Q2, task_id=Id, execution_date=20210516T044601, start_date=20210516T044604, end_date=20210516T044604
[2021-05-16 04:46:04,799] {taskinstance.py:1246} INFO - 1 downstream tasks scheduled from follow-on schedule check
[2021-05-16 04:46:04,840] {local_task_job.py:146} INFO - Task exited with return code 0
